[tusd] 2023/10/26 16:25:25 event="RequestIncoming" method="POST" path="" 
[tusd] 2023/10/26 16:25:25 event="UploadCreated" id="eda0683d71463c2131c5a0f249935c90" size="19922944" url="http://127.0.0.1:8080/group1/big/upload/eda0683d71463c2131c5a0f249935c90" 
[tusd] 2023/10/26 16:25:25 event="ResponseOutgoing" status="201" method="POST" path="" 
[tusd] 2023/10/26 16:25:25 event="RequestIncoming" method="PATCH" path="eda0683d71463c2131c5a0f249935c90" 
[tusd] 2023/10/26 16:25:25 event="ChunkWriteStart" id="eda0683d71463c2131c5a0f249935c90" maxSize="2097152" offset="0" 
[tusd] 2023/10/26 16:25:25 event="ChunkWriteComplete" id="eda0683d71463c2131c5a0f249935c90" bytesWritten="2097152" 
[tusd] 2023/10/26 16:25:25 event="ResponseOutgoing" status="204" method="PATCH" path="eda0683d71463c2131c5a0f249935c90" 
[tusd] 2023/10/26 16:25:25 event="RequestIncoming" method="PATCH" path="eda0683d71463c2131c5a0f249935c90" 
[tusd] 2023/10/26 16:25:25 event="ChunkWriteStart" id="eda0683d71463c2131c5a0f249935c90" maxSize="2097152" offset="2097152" 
[tusd] 2023/10/26 16:25:25 event="ChunkWriteComplete" id="eda0683d71463c2131c5a0f249935c90" bytesWritten="2097152" 
[tusd] 2023/10/26 16:25:25 event="ResponseOutgoing" status="204" method="PATCH" path="eda0683d71463c2131c5a0f249935c90" 
[tusd] 2023/10/26 16:25:25 event="RequestIncoming" method="PATCH" path="eda0683d71463c2131c5a0f249935c90" 
[tusd] 2023/10/26 16:25:25 event="ChunkWriteStart" id="eda0683d71463c2131c5a0f249935c90" maxSize="2097152" offset="4194304" 
[tusd] 2023/10/26 16:25:25 event="ChunkWriteComplete" id="eda0683d71463c2131c5a0f249935c90" bytesWritten="2097152" 
[tusd] 2023/10/26 16:25:25 event="ResponseOutgoing" status="204" method="PATCH" path="eda0683d71463c2131c5a0f249935c90" 
[tusd] 2023/10/26 16:25:25 event="RequestIncoming" method="PATCH" path="eda0683d71463c2131c5a0f249935c90" 
[tusd] 2023/10/26 16:25:25 event="ChunkWriteStart" id="eda0683d71463c2131c5a0f249935c90" maxSize="2097152" offset="6291456" 
[tusd] 2023/10/26 16:25:25 event="ChunkWriteComplete" id="eda0683d71463c2131c5a0f249935c90" bytesWritten="2097152" 
[tusd] 2023/10/26 16:25:25 event="ResponseOutgoing" status="204" method="PATCH" path="eda0683d71463c2131c5a0f249935c90" 
[tusd] 2023/10/26 16:25:25 event="RequestIncoming" method="PATCH" path="eda0683d71463c2131c5a0f249935c90" 
[tusd] 2023/10/26 16:25:25 event="ChunkWriteStart" id="eda0683d71463c2131c5a0f249935c90" maxSize="2097152" offset="8388608" 
[tusd] 2023/10/26 16:25:25 event="ChunkWriteComplete" id="eda0683d71463c2131c5a0f249935c90" bytesWritten="2097152" 
[tusd] 2023/10/26 16:25:25 event="ResponseOutgoing" status="204" method="PATCH" path="eda0683d71463c2131c5a0f249935c90" 
[tusd] 2023/10/26 16:25:25 event="RequestIncoming" method="PATCH" path="eda0683d71463c2131c5a0f249935c90" 
[tusd] 2023/10/26 16:25:25 event="ChunkWriteStart" id="eda0683d71463c2131c5a0f249935c90" maxSize="2097152" offset="10485760" 
[tusd] 2023/10/26 16:25:25 event="ChunkWriteComplete" id="eda0683d71463c2131c5a0f249935c90" bytesWritten="2097152" 
[tusd] 2023/10/26 16:25:25 event="ResponseOutgoing" status="204" method="PATCH" path="eda0683d71463c2131c5a0f249935c90" 
[tusd] 2023/10/26 16:25:25 event="RequestIncoming" method="PATCH" path="eda0683d71463c2131c5a0f249935c90" 
[tusd] 2023/10/26 16:25:25 event="ChunkWriteStart" id="eda0683d71463c2131c5a0f249935c90" maxSize="2097152" offset="12582912" 
[tusd] 2023/10/26 16:25:25 event="ChunkWriteComplete" id="eda0683d71463c2131c5a0f249935c90" bytesWritten="2097152" 
[tusd] 2023/10/26 16:25:25 event="ResponseOutgoing" status="204" method="PATCH" path="eda0683d71463c2131c5a0f249935c90" 
[tusd] 2023/10/26 16:25:25 event="RequestIncoming" method="PATCH" path="eda0683d71463c2131c5a0f249935c90" 
[tusd] 2023/10/26 16:25:25 event="ChunkWriteStart" id="eda0683d71463c2131c5a0f249935c90" maxSize="2097152" offset="14680064" 
[tusd] 2023/10/26 16:25:25 event="ChunkWriteComplete" id="eda0683d71463c2131c5a0f249935c90" bytesWritten="2097152" 
[tusd] 2023/10/26 16:25:25 event="ResponseOutgoing" status="204" method="PATCH" path="eda0683d71463c2131c5a0f249935c90" 
[tusd] 2023/10/26 16:25:25 event="RequestIncoming" method="PATCH" path="eda0683d71463c2131c5a0f249935c90" 
[tusd] 2023/10/26 16:25:25 event="ChunkWriteStart" id="eda0683d71463c2131c5a0f249935c90" maxSize="2097152" offset="16777216" 
[tusd] 2023/10/26 16:25:25 event="ChunkWriteComplete" id="eda0683d71463c2131c5a0f249935c90" bytesWritten="2097152" 
[tusd] 2023/10/26 16:25:25 event="ResponseOutgoing" status="204" method="PATCH" path="eda0683d71463c2131c5a0f249935c90" 
[tusd] 2023/10/26 16:25:25 event="RequestIncoming" method="PATCH" path="eda0683d71463c2131c5a0f249935c90" 
[tusd] 2023/10/26 16:25:25 event="ChunkWriteStart" id="eda0683d71463c2131c5a0f249935c90" maxSize="1048576" offset="18874368" 
[tusd] 2023/10/26 16:25:25 event="ChunkWriteComplete" id="eda0683d71463c2131c5a0f249935c90" bytesWritten="1048576" 
[tusd] 2023/10/26 16:25:25 event="ResponseOutgoing" status="204" method="PATCH" path="eda0683d71463c2131c5a0f249935c90" 
[tusd] 2023/10/26 16:25:26 event="RequestIncoming" method="GET" path="eda0683d71463c2131c5a0f249935c90" 
[tusd] 2023/10/26 16:25:26 event="ResponseOutgoing" status="200" method="GET" path="eda0683d71463c2131c5a0f249935c90" 
[tusd] 2023/10/26 16:25:27 event="RequestIncoming" method="POST" path="" 
[tusd] 2023/10/26 16:25:27 event="UploadCreated" id="47aae8954994017787e8d0ec24d7ae4e" size="320512" url="http://127.0.0.1:8080/group1/big/upload/47aae8954994017787e8d0ec24d7ae4e" 
[tusd] 2023/10/26 16:25:27 event="ResponseOutgoing" status="201" method="POST" path="" 
[tusd] 2023/10/26 16:25:27 event="RequestIncoming" method="PATCH" path="47aae8954994017787e8d0ec24d7ae4e" 
[tusd] 2023/10/26 16:25:27 event="ChunkWriteStart" id="47aae8954994017787e8d0ec24d7ae4e" maxSize="320512" offset="0" 
[tusd] 2023/10/26 16:25:27 event="ChunkWriteComplete" id="47aae8954994017787e8d0ec24d7ae4e" bytesWritten="320512" 
[tusd] 2023/10/26 16:25:27 event="ResponseOutgoing" status="204" method="PATCH" path="47aae8954994017787e8d0ec24d7ae4e" 
[tusd] 2023/10/26 16:25:28 event="RequestIncoming" method="GET" path="47aae8954994017787e8d0ec24d7ae4e" 
[tusd] 2023/10/26 16:25:28 event="ResponseOutgoing" status="200" method="GET" path="47aae8954994017787e8d0ec24d7ae4e" 
